<?xml version="1.0" encoding="UTF-8"?>
<!-- Generated by org.testng.reporters.JUnitReportReporter -->
<testsuite skipped="0" hostname="CSLH1613" name="TC001_GET_Request" tests="1" failures="0" timestamp="2020-07-28T07:48:01 IST" time="2.920" errors="0">
  <testcase name="test1" time="2.920" classname="TC001_GET_Request"/>
  <system-out/>
</testsuite> <!-- TC001_GET_Request -->
