<?xml version="1.0" encoding="UTF-8"?>
<!-- Generated by org.testng.reporters.JUnitReportReporter -->
<testsuite skipped="0" hostname="CSLH1613" name="TC002_POST_Request" tests="1" failures="0" timestamp="2020-07-29T07:04:28 IST" time="3.340" errors="0">
  <testcase name="post" time="3.340" classname="TC002_POST_Request"/>
  <system-out/>
</testsuite> <!-- TC002_POST_Request -->
