<?xml version="1.0" encoding="UTF-8"?>
<!-- Generated by org.testng.reporters.JUnitReportReporter -->
<testsuite skipped="0" hostname="CSLH1613" name="DataDriven" tests="2" failures="0" timestamp="2020-07-30T07:39:18 IST" time="2.681" errors="0">
  <testcase name="post" time="2.228" classname="DataDriven"/>
  <system-out/>
  <testcase name="post" time="0.453" classname="DataDriven"/>
  <system-out/>
</testsuite> <!-- DataDriven -->
