<?xml version="1.0" encoding="UTF-8"?>
<!-- Generated by org.testng.reporters.JUnitReportReporter -->
<testsuite skipped="0" hostname="CSLH1613" name="TC006_Delete" tests="1" failures="0" timestamp="2020-07-29T07:21:18 IST" time="2.268" errors="0">
  <testcase name="test" time="2.268" classname="TC006_Delete"/>
  <system-out/>
</testsuite> <!-- TC006_Delete -->
