<?xml version="1.0" encoding="UTF-8"?>
<!-- Generated by org.testng.reporters.JUnitReportReporter -->
<testsuite skipped="0" hostname="CSLH1613" name="TC004_PUT_Request" tests="1" failures="0" timestamp="2020-07-29T07:11:20 IST" time="2.385" errors="0">
  <testcase name="test" time="2.385" classname="TC004_PUT_Request"/>
  <system-out/>
</testsuite> <!-- TC004_PUT_Request -->
