<?xml version="1.0" encoding="UTF-8"?>
<!-- Generated by org.testng.reporters.JUnitReportReporter -->
<testsuite skipped="0" hostname="CSLH1613" name="utils.ExcelUtils" tests="1" failures="0" timestamp="2020-07-31T06:44:30 IST" time="1.012" errors="0">
  <testcase name="getCellData" time="1.012" classname="utils.ExcelUtils"/>
  <system-out/>
</testsuite> <!-- utils.ExcelUtils -->
