<?xml version="1.0" encoding="UTF-8"?>
<!-- Generated by org.testng.reporters.JUnitReportReporter -->
<testsuite skipped="0" hostname="CSLH1613" name="TC005_PATCH_Request" tests="1" failures="0" timestamp="2020-07-29T07:15:57 IST" time="5.540" errors="0">
  <testcase name="test" time="5.540" classname="TC005_PATCH_Request"/>
  <system-out/>
</testsuite> <!-- TC005_PATCH_Request -->
